<?xml version="1.0" encoding="UTF-8"?>
<!-- Generated by org.testng.reporters.JUnitReportReporter -->
<testsuite hostname="DESKTOP-JPO1NOA" failures="0" tests="5" name="com.salesforce.tests.Test_SFDCLogin" time="31.538" errors="0" timestamp="2024-10-27T21:55:47 PDT" skipped="0">
  <testcase classname="com.salesforce.tests.Test_SFDCLogin" name="test_CheckRememberMe" time="9.913"/>
  <testcase classname="com.salesforce.tests.Test_SFDCLogin" name="test_LoginWithValidLoginCredentials" time="7.192"/>
  <testcase classname="com.salesforce.tests.Test_SFDCLogin" name="test_LoginWithInvalidUserNamePswd" time="5.744"/>
  <testcase classname="com.salesforce.tests.Test_SFDCLogin" name="test_LoginErrorMessage" time="4.010"/>
  <testcase classname="com.salesforce.tests.Test_SFDCLogin" name="test_ForgotPassword" time="4.679"/>
</testsuite> <!-- com.salesforce.tests.Test_SFDCLogin -->
