<?xml version="1.0" encoding="UTF-8"?>
<!-- Generated by org.testng.reporters.JUnitReportReporter -->
<testsuite hostname="DESKTOP-JPO1NOA" failures="0" tests="5" name="com.salesforce.tests.Test_UserMenuDropDown" time="137.352" errors="0" timestamp="2024-10-27T21:55:46 PDT" skipped="0">
  <testcase classname="com.salesforce.tests.Test_UserMenuDropDown" name="test_MySettings" time="53.158"/>
  <testcase classname="com.salesforce.tests.Test_UserMenuDropDown" name="test_MyProfileOption" time="18.584"/>
  <testcase classname="com.salesforce.tests.Test_UserMenuDropDown" name="test_LogoutOption" time="19.438"/>
  <testcase classname="com.salesforce.tests.Test_UserMenuDropDown" name="test_DeveloperConsoleOption" time="13.545"/>
  <testcase classname="com.salesforce.tests.Test_UserMenuDropDown" name="test_SelectUserMenuDropDown" time="32.627"/>
</testsuite> <!-- com.salesforce.tests.Test_UserMenuDropDown -->
